!SESSION 2020-12-27 12:55:52.196 -----------------------------------------------
eclipse.buildId=unknown
java.version=1.8.0_241
java.vendor=Oracle Corporation
BootLoader constants: OS=win32, ARCH=x86_64, WS=win32, NL=en_US

!ENTRY TimetableClient 4 0 2020-12-27 12:55:52.197
!MESSAGE [SCR] Error while trying to bind reference Reference[name = ICourseDAO, interface = timetableinterface.ICourseDAO, policy = dynamic, cardinality = 1..1, target = null, bind = gotService, unbind = lostService]
	Details:
	Problematic reference = Reference[name = ICourseDAO, interface = timetableinterface.ICourseDAO, policy = dynamic, cardinality = 1..1, target = null, bind = gotService, unbind = lostService]
	of service component = timetable
	component implementation class = timetable.Main
	located in bundle with symbolic name = TimetableClient
	bundle location = file:/D:/backend/timetable/timetable-osgi/Launcher/./timetable-normal.jar
!STACK 0
java.lang.reflect.InvocationTargetException
	at sun.reflect.NativeMethodAccessorImpl.invoke0(Native Method)
	at sun.reflect.NativeMethodAccessorImpl.invoke(NativeMethodAccessorImpl.java:62)
	at sun.reflect.DelegatingMethodAccessorImpl.invoke(DelegatingMethodAccessorImpl.java:43)
	at java.lang.reflect.Method.invoke(Method.java:498)
	at org.eclipse.equinox.internal.ds.model.ComponentReference.bind(ComponentReference.java:376)
	at org.eclipse.equinox.internal.ds.model.ServiceComponentProp.bindReference(ServiceComponentProp.java:432)
	at org.eclipse.equinox.internal.ds.model.ServiceComponentProp.bind(ServiceComponentProp.java:218)
	at org.eclipse.equinox.internal.ds.model.ServiceComponentProp.build(ServiceComponentProp.java:345)
	at org.eclipse.equinox.internal.ds.InstanceProcess.buildComponent(InstanceProcess.java:620)
	at org.eclipse.equinox.internal.ds.InstanceProcess.buildComponents(InstanceProcess.java:197)
	at org.eclipse.equinox.internal.ds.Resolver.buildNewlySatisfied(Resolver.java:473)
	at org.eclipse.equinox.internal.ds.Resolver.enableComponents(Resolver.java:217)
	at org.eclipse.equinox.internal.ds.SCRManager.performWork(SCRManager.java:816)
	at org.eclipse.equinox.internal.ds.SCRManager$QueuedJob.dispatch(SCRManager.java:783)
	at org.eclipse.equinox.internal.ds.WorkThread.run(WorkThread.java:89)
	at org.eclipse.equinox.internal.util.impl.tpt.threadpool.Executor.run(Executor.java:70)
Caused by: java.lang.NullPointerException
	at timetable.Main.gotService(Main.java:25)
	... 16 more
Root exception:
java.lang.NullPointerException
	at timetable.Main.gotService(Main.java:25)
	at sun.reflect.NativeMethodAccessorImpl.invoke0(Native Method)
	at sun.reflect.NativeMethodAccessorImpl.invoke(NativeMethodAccessorImpl.java:62)
	at sun.reflect.DelegatingMethodAccessorImpl.invoke(DelegatingMethodAccessorImpl.java:43)
	at java.lang.reflect.Method.invoke(Method.java:498)
	at org.eclipse.equinox.internal.ds.model.ComponentReference.bind(ComponentReference.java:376)
	at org.eclipse.equinox.internal.ds.model.ServiceComponentProp.bindReference(ServiceComponentProp.java:432)
	at org.eclipse.equinox.internal.ds.model.ServiceComponentProp.bind(ServiceComponentProp.java:218)
	at org.eclipse.equinox.internal.ds.model.ServiceComponentProp.build(ServiceComponentProp.java:345)
	at org.eclipse.equinox.internal.ds.InstanceProcess.buildComponent(InstanceProcess.java:620)
	at org.eclipse.equinox.internal.ds.InstanceProcess.buildComponents(InstanceProcess.java:197)
	at org.eclipse.equinox.internal.ds.Resolver.buildNewlySatisfied(Resolver.java:473)
	at org.eclipse.equinox.internal.ds.Resolver.enableComponents(Resolver.java:217)
	at org.eclipse.equinox.internal.ds.SCRManager.performWork(SCRManager.java:816)
	at org.eclipse.equinox.internal.ds.SCRManager$QueuedJob.dispatch(SCRManager.java:783)
	at org.eclipse.equinox.internal.ds.WorkThread.run(WorkThread.java:89)
	at org.eclipse.equinox.internal.util.impl.tpt.threadpool.Executor.run(Executor.java:70)

!ENTRY TimetableClient 4 0 2020-12-27 12:55:52.199
!MESSAGE [SCR] Error while trying to bind reference Reference[name = ICourseDAO, interface = timetableinterface.ICourseDAO, policy = dynamic, cardinality = 1..1, target = null, bind = gotService, unbind = lostService]
	Details:
	Problematic reference = Reference[name = ICourseDAO, interface = timetableinterface.ICourseDAO, policy = dynamic, cardinality = 1..1, target = null, bind = gotService, unbind = lostService]
	of service component = timetable
	component implementation class = timetable.Main
	located in bundle with symbolic name = TimetableClient
	bundle location = file:/D:/backend/timetable/timetable-osgi/Launcher/./timetable-normal.jar
!STACK 0
java.lang.reflect.InvocationTargetException
	at sun.reflect.NativeMethodAccessorImpl.invoke0(Native Method)
	at sun.reflect.NativeMethodAccessorImpl.invoke(NativeMethodAccessorImpl.java:62)
	at sun.reflect.DelegatingMethodAccessorImpl.invoke(DelegatingMethodAccessorImpl.java:43)
	at java.lang.reflect.Method.invoke(Method.java:498)
	at org.eclipse.equinox.internal.ds.model.ComponentReference.bind(ComponentReference.java:376)
	at org.eclipse.equinox.internal.ds.model.ServiceComponentProp.bindReference(ServiceComponentProp.java:432)
	at org.eclipse.equinox.internal.ds.model.ServiceComponentProp.bind(ServiceComponentProp.java:218)
	at org.eclipse.equinox.internal.ds.model.ServiceComponentProp.build(ServiceComponentProp.java:345)
	at org.eclipse.equinox.internal.ds.InstanceProcess.buildComponent(InstanceProcess.java:620)
	at org.eclipse.equinox.internal.ds.InstanceProcess.buildComponents(InstanceProcess.java:197)
	at org.eclipse.equinox.internal.ds.Resolver.buildNewlySatisfied(Resolver.java:473)
	at org.eclipse.equinox.internal.ds.Resolver.enableComponents(Resolver.java:217)
	at org.eclipse.equinox.internal.ds.SCRManager.performWork(SCRManager.java:816)
	at org.eclipse.equinox.internal.ds.SCRManager$QueuedJob.dispatch(SCRManager.java:783)
	at org.eclipse.equinox.internal.ds.WorkThread.run(WorkThread.java:89)
	at org.eclipse.equinox.internal.util.impl.tpt.threadpool.Executor.run(Executor.java:70)
Caused by: java.lang.NullPointerException
	at timetable.Main.gotService(Main.java:25)
	... 16 more
Root exception:
java.lang.NullPointerException
	at timetable.Main.gotService(Main.java:25)
	at sun.reflect.NativeMethodAccessorImpl.invoke0(Native Method)
	at sun.reflect.NativeMethodAccessorImpl.invoke(NativeMethodAccessorImpl.java:62)
	at sun.reflect.DelegatingMethodAccessorImpl.invoke(DelegatingMethodAccessorImpl.java:43)
	at java.lang.reflect.Method.invoke(Method.java:498)
	at org.eclipse.equinox.internal.ds.model.ComponentReference.bind(ComponentReference.java:376)
	at org.eclipse.equinox.internal.ds.model.ServiceComponentProp.bindReference(ServiceComponentProp.java:432)
	at org.eclipse.equinox.internal.ds.model.ServiceComponentProp.bind(ServiceComponentProp.java:218)
	at org.eclipse.equinox.internal.ds.model.ServiceComponentProp.build(ServiceComponentProp.java:345)
	at org.eclipse.equinox.internal.ds.InstanceProcess.buildComponent(InstanceProcess.java:620)
	at org.eclipse.equinox.internal.ds.InstanceProcess.buildComponents(InstanceProcess.java:197)
	at org.eclipse.equinox.internal.ds.Resolver.buildNewlySatisfied(Resolver.java:473)
	at org.eclipse.equinox.internal.ds.Resolver.enableComponents(Resolver.java:217)
	at org.eclipse.equinox.internal.ds.SCRManager.performWork(SCRManager.java:816)
	at org.eclipse.equinox.internal.ds.SCRManager$QueuedJob.dispatch(SCRManager.java:783)
	at org.eclipse.equinox.internal.ds.WorkThread.run(WorkThread.java:89)
	at org.eclipse.equinox.internal.util.impl.tpt.threadpool.Executor.run(Executor.java:70)

!ENTRY org.eclipse.equinox.ds 2 0 2020-12-27 12:55:52.200
!MESSAGE Could not bind a reference of component timetable. The reference is: Reference[name = ICourseDAO, interface = timetableinterface.ICourseDAO, policy = dynamic, cardinality = 1..1, target = null, bind = gotService, unbind = lostService]

!ENTRY org.eclipse.equinox.ds 4 0 2020-12-27 12:55:52.202
!MESSAGE The component was not built because some of its references could not be bound. The component is Component[
	name = timetable
	activate = activate
	deactivate = deactivate
	modified = 
	configuration-policy = optional
	factory = null
	autoenable = true
	immediate = true
	implementation = timetable.Main
	state = Unsatisfied
	properties = 
	serviceFactory = false
	serviceInterface = null
	references = {
		Reference[name = ICourseDAO, interface = timetableinterface.ICourseDAO, policy = dynamic, cardinality = 1..1, target = null, bind = gotService, unbind = lostService]
		Reference[name = ITimetableDAO, interface = timetableinterface.ITimetableDAO, policy = dynamic, cardinality = 1..1, target = null, bind = gotService, unbind = lostService]
	}
	located in bundle = TimetableClient_1.0.0.qualifier [12]
]

!ENTRY org.eclipse.equinox.ds 4 0 2020-12-27 12:55:52.202
!MESSAGE The component was not built because some of its references could not be bound. The component is Component[
	name = timetable
	activate = activate
	deactivate = deactivate
	modified = 
	configuration-policy = optional
	factory = null
	autoenable = true
	immediate = true
	implementation = timetable.Main
	state = Unsatisfied
	properties = 
	serviceFactory = false
	serviceInterface = null
	references = {
		Reference[name = ICourseDAO, interface = timetableinterface.ICourseDAO, policy = dynamic, cardinality = 1..1, target = null, bind = gotService, unbind = lostService]
		Reference[name = ITimetableDAO, interface = timetableinterface.ITimetableDAO, policy = dynamic, cardinality = 1..1, target = null, bind = gotService, unbind = lostService]
	}
	located in bundle = TimetableClient_1.0.0.qualifier [12]
]
