!SESSION 2020-12-27 12:46:30.710 -----------------------------------------------
eclipse.buildId=unknown
java.version=1.8.0_241
java.vendor=Oracle Corporation
BootLoader constants: OS=win32, ARCH=x86_64, WS=win32, NL=en_US

!ENTRY org.eclipse.equinox.ds 4 0 2020-12-27 12:46:30.711
!MESSAGE [SCR] Exception while activating instance timetable.Main@372b4793 of component timetable  
!STACK 0
java.lang.reflect.InvocationTargetException
	at sun.reflect.NativeMethodAccessorImpl.invoke0(Native Method)
	at sun.reflect.NativeMethodAccessorImpl.invoke(NativeMethodAccessorImpl.java:62)
	at sun.reflect.DelegatingMethodAccessorImpl.invoke(DelegatingMethodAccessorImpl.java:43)
	at java.lang.reflect.Method.invoke(Method.java:498)
	at org.eclipse.equinox.internal.ds.model.ServiceComponent.activate(ServiceComponent.java:235)
	at org.eclipse.equinox.internal.ds.model.ServiceComponentProp.activate(ServiceComponentProp.java:146)
	at org.eclipse.equinox.internal.ds.model.ServiceComponentProp.build(ServiceComponentProp.java:347)
	at org.eclipse.equinox.internal.ds.InstanceProcess.buildComponent(InstanceProcess.java:620)
	at org.eclipse.equinox.internal.ds.InstanceProcess.buildComponents(InstanceProcess.java:197)
	at org.eclipse.equinox.internal.ds.Resolver.buildNewlySatisfied(Resolver.java:473)
	at org.eclipse.equinox.internal.ds.Resolver.enableComponents(Resolver.java:217)
	at org.eclipse.equinox.internal.ds.SCRManager.performWork(SCRManager.java:816)
	at org.eclipse.equinox.internal.ds.SCRManager$QueuedJob.dispatch(SCRManager.java:783)
	at org.eclipse.equinox.internal.ds.WorkThread.run(WorkThread.java:89)
	at org.eclipse.equinox.internal.util.impl.tpt.threadpool.Executor.run(Executor.java:70)
Caused by: java.lang.NullPointerException
	at timetable.components.SearchPanel.<init>(SearchPanel.java:37)
	at timetable.components.TimetablePanel.<init>(TimetablePanel.java:36)
	at timetable.screens.MainMenuFrame.createComponents(MainMenuFrame.java:32)
	at timetable.screens.BaseFrame.<init>(BaseFrame.java:27)
	at timetable.screens.MainMenuFrame.<init>(MainMenuFrame.java:13)
	at timetable.Main.activate(Main.java:26)
	... 15 more
Root exception:
java.lang.NullPointerException
	at timetable.components.SearchPanel.<init>(SearchPanel.java:37)
	at timetable.components.TimetablePanel.<init>(TimetablePanel.java:36)
	at timetable.screens.MainMenuFrame.createComponents(MainMenuFrame.java:32)
	at timetable.screens.BaseFrame.<init>(BaseFrame.java:27)
	at timetable.screens.MainMenuFrame.<init>(MainMenuFrame.java:13)
	at timetable.Main.activate(Main.java:26)
	at sun.reflect.NativeMethodAccessorImpl.invoke0(Native Method)
	at sun.reflect.NativeMethodAccessorImpl.invoke(NativeMethodAccessorImpl.java:62)
	at sun.reflect.DelegatingMethodAccessorImpl.invoke(DelegatingMethodAccessorImpl.java:43)
	at java.lang.reflect.Method.invoke(Method.java:498)
	at org.eclipse.equinox.internal.ds.model.ServiceComponent.activate(ServiceComponent.java:235)
	at org.eclipse.equinox.internal.ds.model.ServiceComponentProp.activate(ServiceComponentProp.java:146)
	at org.eclipse.equinox.internal.ds.model.ServiceComponentProp.build(ServiceComponentProp.java:347)
	at org.eclipse.equinox.internal.ds.InstanceProcess.buildComponent(InstanceProcess.java:620)
	at org.eclipse.equinox.internal.ds.InstanceProcess.buildComponents(InstanceProcess.java:197)
	at org.eclipse.equinox.internal.ds.Resolver.buildNewlySatisfied(Resolver.java:473)
	at org.eclipse.equinox.internal.ds.Resolver.enableComponents(Resolver.java:217)
	at org.eclipse.equinox.internal.ds.SCRManager.performWork(SCRManager.java:816)
	at org.eclipse.equinox.internal.ds.SCRManager$QueuedJob.dispatch(SCRManager.java:783)
	at org.eclipse.equinox.internal.ds.WorkThread.run(WorkThread.java:89)
	at org.eclipse.equinox.internal.util.impl.tpt.threadpool.Executor.run(Executor.java:70)

!ENTRY org.eclipse.equinox.ds 4 0 2020-12-27 12:46:30.713
!MESSAGE [SCR] Exception while activating instance timetable.Main@372b4793 of component timetable  
!STACK 0
java.lang.reflect.InvocationTargetException
	at sun.reflect.NativeMethodAccessorImpl.invoke0(Native Method)
	at sun.reflect.NativeMethodAccessorImpl.invoke(NativeMethodAccessorImpl.java:62)
	at sun.reflect.DelegatingMethodAccessorImpl.invoke(DelegatingMethodAccessorImpl.java:43)
	at java.lang.reflect.Method.invoke(Method.java:498)
	at org.eclipse.equinox.internal.ds.model.ServiceComponent.activate(ServiceComponent.java:235)
	at org.eclipse.equinox.internal.ds.model.ServiceComponentProp.activate(ServiceComponentProp.java:146)
	at org.eclipse.equinox.internal.ds.model.ServiceComponentProp.build(ServiceComponentProp.java:347)
	at org.eclipse.equinox.internal.ds.InstanceProcess.buildComponent(InstanceProcess.java:620)
	at org.eclipse.equinox.internal.ds.InstanceProcess.buildComponents(InstanceProcess.java:197)
	at org.eclipse.equinox.internal.ds.Resolver.buildNewlySatisfied(Resolver.java:473)
	at org.eclipse.equinox.internal.ds.Resolver.enableComponents(Resolver.java:217)
	at org.eclipse.equinox.internal.ds.SCRManager.performWork(SCRManager.java:816)
	at org.eclipse.equinox.internal.ds.SCRManager$QueuedJob.dispatch(SCRManager.java:783)
	at org.eclipse.equinox.internal.ds.WorkThread.run(WorkThread.java:89)
	at org.eclipse.equinox.internal.util.impl.tpt.threadpool.Executor.run(Executor.java:70)
Caused by: java.lang.NullPointerException
	at timetable.components.SearchPanel.<init>(SearchPanel.java:37)
	at timetable.components.TimetablePanel.<init>(TimetablePanel.java:36)
	at timetable.screens.MainMenuFrame.createComponents(MainMenuFrame.java:32)
	at timetable.screens.BaseFrame.<init>(BaseFrame.java:27)
	at timetable.screens.MainMenuFrame.<init>(MainMenuFrame.java:13)
	at timetable.Main.activate(Main.java:26)
	... 15 more
Root exception:
java.lang.NullPointerException
	at timetable.components.SearchPanel.<init>(SearchPanel.java:37)
	at timetable.components.TimetablePanel.<init>(TimetablePanel.java:36)
	at timetable.screens.MainMenuFrame.createComponents(MainMenuFrame.java:32)
	at timetable.screens.BaseFrame.<init>(BaseFrame.java:27)
	at timetable.screens.MainMenuFrame.<init>(MainMenuFrame.java:13)
	at timetable.Main.activate(Main.java:26)
	at sun.reflect.NativeMethodAccessorImpl.invoke0(Native Method)
	at sun.reflect.NativeMethodAccessorImpl.invoke(NativeMethodAccessorImpl.java:62)
	at sun.reflect.DelegatingMethodAccessorImpl.invoke(DelegatingMethodAccessorImpl.java:43)
	at java.lang.reflect.Method.invoke(Method.java:498)
	at org.eclipse.equinox.internal.ds.model.ServiceComponent.activate(ServiceComponent.java:235)
	at org.eclipse.equinox.internal.ds.model.ServiceComponentProp.activate(ServiceComponentProp.java:146)
	at org.eclipse.equinox.internal.ds.model.ServiceComponentProp.build(ServiceComponentProp.java:347)
	at org.eclipse.equinox.internal.ds.InstanceProcess.buildComponent(InstanceProcess.java:620)
	at org.eclipse.equinox.internal.ds.InstanceProcess.buildComponents(InstanceProcess.java:197)
	at org.eclipse.equinox.internal.ds.Resolver.buildNewlySatisfied(Resolver.java:473)
	at org.eclipse.equinox.internal.ds.Resolver.enableComponents(Resolver.java:217)
	at org.eclipse.equinox.internal.ds.SCRManager.performWork(SCRManager.java:816)
	at org.eclipse.equinox.internal.ds.SCRManager$QueuedJob.dispatch(SCRManager.java:783)
	at org.eclipse.equinox.internal.ds.WorkThread.run(WorkThread.java:89)
	at org.eclipse.equinox.internal.util.impl.tpt.threadpool.Executor.run(Executor.java:70)
